46,46,POWERON
46,46,NEWAP,00259c57dea2,63,00b32c51
46,46,NEWAP,00259c3e92ee,44,00b32c95
46,46,NEWAP,00259cd7576e,59,00b32c5a
46,46,NEWAP,20aa4bc09860,18,00f26564
46,46,NEWAP,c8d719f8a501,14,0016d65e
46,46,NEWAP,0021299631e7,54,003202fd
46,46,NEWAP,00259cc9325e,54,00941e61
46,46,NEWAP,00219151586d,23,00941b66
47,47,AP,20aa4bc09860,19,00f265a1
47,47,AP,00259c57dea2,63,00b32c83
47,47,AP,0021299631e7,55,0032032e
47,47,AP,00259cc9325e,60,00941e93
47,47,AP,c8d719f8a501,17,0016d6bf
47,47,AP,00259cd7576e,58,00b32c9f
52,52,AP,00259c57dea2,62,00b32cbf
52,52,AP,00259c3e92ee,43,00b32d01
52,52,AP,00259cd7576e,57,00b32cc7
52,52,AP,20aa4bc09860,19,00f265d0
52,52,AP,c8d719f8a501,15,0016d708
52,52,AP,0021299631e7,53,0032036b
52,52,AP,00259cc9325e,63,00941ecf
52,52,AP,00219151586d,35,00941bd3
3,3,POWERON
8,8,NEWAP,20aa4bc09860,20,00f266ff
8,8,NEWAP,00259c57dea2,67,00b32def
8,8,NEWAP,00259c3e92ee,48,00b32e33
8,8,NEWAP,00259cd7576e,60,00b32df8
8,8,NEWAP,0021299631e7,60,0032049a
8,8,NEWAP,00259cc9325e,56,00941fff
8,8,NEWAP,00219151586d,22,00941d04
8,8,AP,20aa4bc09860,21,00f2673c
9,9,AP,00259cd7576e,60,00b32e33
9,9,AP,00259c3e92ee,44,00b32e6d
9,9,AP,00259c57dea2,66,00b32e2b
9,9,AP,0021299631e7,59,003204d5
9,9,AP,00259cc9325e,56,0094203a
11,11,AP,00219151586d,28,00941d3f
12,12,AP,20aa4bc09860,19,00f26778
13,13,AP,00259cd7576e,61,00b32e70
13,13,AP,00259c3e92ee,45,00b32eaa
13,13,AP,00259c57dea2,64,00b32e67
13,13,AP,0021299631e7,57,00320512
13,13,AP,00259cc9325e,61,00942077
15,15,AP,00219151586d,36,00941d7c
16,16,AP,20aa4bc09860,22,00f267b4
16,16,AP,00259c57dea2,67,00b32e97
16,16,AP,0021299631e7,60,00320542
16,16,AP,00259cc9325e,59,009420a7
17,17,AP,00259cd7576e,57,00b32eb3
17,17,AP,00259c3e92ee,46,00b32ef0
19,19,AP,00219151586d,37,00941db9
2,2,POWERON
6,6,NEWAP,20aa4bc09860,18,00f26a26
6,6,NEWAP,00259c57dea2,64,00b33109
6,6,NEWAP,00259c3e92ee,47,00b3312b
6,6,NEWAP,00259cd7576e,57,00b33125
6,6,NEWAP,0021299631e7,53,003207b4
6,6,NEWAP,00259cc9325e,54,00942319
6,6,NEWAP,00219151586d,26,00941ffb
7,7,AP,00259c3e92ee,47,00b33163
4,4,POWERON
8,8,NEWAP,00259c57dea2,64,00b331eb
8,8,NEWAP,00259c3e92ee,52,00b3320d
8,8,NEWAP,1caff70d0c79,11,00546d97
8,8,NEWAP,00259cd7576e,57,00b331d4
8,8,NEWAP,20aa4bc09860,18,00f26b09
8,8,NEWAP,0021299631e7,51,00320896
8,8,NEWAP,00259cc9325e,55,009423fc
8,8,NEWAP,00219151586d,23,009420df
8,8,AP,00259cd7576e,58,00b33207
9,9,AP,00259c3e92ee,54,00b33244
10,10,AP,00219151586d,31,0094210d
71,71,AP,20aa4bc09860,20,00f26ed5
71,71,AP,00259cd7576e,59,00b335ce
71,71,AP,00259c3e92ee,52,00b33608
72,72,AP,00259c57dea2,61,00b335c5
72,72,AP,0021299631e7,54,00320c70
72,72,AP,00259cc9325e,54,009427d5
73,73,AP,00219151586d,23,009424da
2,2,POWERON
6,6,NEWAP,207600fb7e44,28,059b01c7
6,6,NEWAP,7054d257fbe5,44,00ef4247
69,69,AP,207600fb7e44,19,059b05c3
71,71,AP,7054d257fbe5,44,00ef462f
129,129,AP,7054d257fbe5,43,00ef49b5
189,189,AP,207600fb7e44,28,059b0d05
190,190,NEWAP,001ee503f379,12,00000e08
191,191,AP,7054d257fbe5,43,00ef4d71
249,249,AP,7054d257fbe5,43,00ef50f8
309,309,AP,207600fb7e44,20,059b1449
311,311,AP,7054d257fbe5,43,00ef54b3
369,369,AP,207600fb7e44,31,059b17ea
369,369,AP,7054d257fbe5,44,00ef583c
429,429,AP,207600fb7e44,22,059b1b8e
431,431,AP,7054d257fbe5,43,00ef5bf8
489,489,AP,7054d257fbe5,44,00ef5f81
549,549,AP,207600fb7e44,19,059b22d3
551,551,AP,7054d257fbe5,44,00ef633e
571,571,AP,207600fb7e44,29,059b2427
571,571,AP,7054d257fbe5,44,00ef6479
609,609,AP,207600fb7e44,30,059b2676
611,611,AP,7054d257fbe5,44,00ef66e0
669,669,AP,7054d257fbe5,43,00ef6a6a
729,729,AP,207600fb7e44,29,059b2dc1
730,730,NEWAP,2076001dda2c,10,001616ab
731,731,AP,7054d257fbe5,44,00ef6e2b
7,7,POWERON
7,7,NEWAP,207600fb7e44,9,059b33bb
13,13,NEWAP,7054d257fbe5,28,00ef7438
19,1262304000,NEWPHOTO,P1010043.JPG,2500393
71,1262304000,NEWPHOTO,P1010044.JPG,242298
78,1262304059,NEWAP,2076001dda2c,9,001620a6
78,1262304059,AP,7054d257fbe5,24,00ef7824
121,1262304000,NEWPHOTO,P1010045.JPG,261908
134,1262304115,AP,7054d257fbe5,10,00ef7bb2
166,1262304000,NEWPHOTO,P1010046.JPG,234518
191,1262304000,NEWPHOTO,P1010047.JPG,246993
193,1262304174,AP,207600fb7e44,16,059b3f08
199,1262304180,AP,7054d257fbe5,34,00ef7f74
254,1262304235,AP,7054d257fbe5,34,00ef8303
256,1262304000,NEWPHOTO,P1010048.JPG,245433
280,1262304000,NEWPHOTO,P1010049.JPG,248749
313,1262304294,AP,207600fb7e44,15,059b465d
315,1262304296,AP,7054d257fbe5,20,00ef86c7
374,1262304355,AP,7054d257fbe5,47,00ef8a59
387,1262304000,NEWPHOTO,P1010050.JPG,250040
403,1262304000,NEWPHOTO,P1010051.JPG,255982
7,7,POWERON
7,7,POWERON
13,13,NEWAP,7054d257fbe5,29,00efc847
30,1262304000,NEWPHOTO,P1010052.JPG,229258
73,1262304043,NEWAP,207600fb7e44,17,059b8bc7
75,1262304045,AP,7054d257fbe5,31,00efcc33
78,1262304000,NEWPHOTO,P1010053.JPG,232943
134,1262304104,AP,7054d257fbe5,36,00efcfc1
193,1262304163,AP,207600fb7e44,19,059b9317
195,1262304165,AP,7054d257fbe5,28,00efd382
253,1262304223,NEWAP,2076001dda2c,8,00167f99
254,1262304224,AP,7054d257fbe5,31,00efd70d
296,1262304000,NEWPHOTO,P1010054.JPG,261666
313,1262304283,AP,207600fb7e44,8,059b9a62
315,1262304285,AP,7054d257fbe5,32,00efdacd
374,1262304344,AP,7054d257fbe5,14,00efde5b
433,1262304403,AP,207600fb7e44,13,059ba1b1
435,1262304405,AP,7054d257fbe5,32,00efe21d
7,7,POWERON
7,7,NEWAP,207600fb7e44,8,059bb122
13,13,NEWAP,2076001dda2c,9,00169a0d
13,13,AP,207600fb7e44,14,059bb14f
13,13,NEWAP,7054d257fbe5,32,00eff1a1
50,1262304000,NEWPHOTO,P1010055.JPG,2481177
69,1262304000,NEWPHOTO,P1010056.JPG,2699918
7,7,POWERON
7,7,NEWAP,207600fb7e44,6,059bbb82
13,13,NEWAP,7054d257fbe5,21,00effc00
73,73,AP,207600fb7e44,9,059bbf81
75,75,AP,7054d257fbe5,35,00efffed
133,133,AP,207600fb7e44,9,059bc325
134,134,AP,7054d257fbe5,30,00f00377
193,193,AP,207600fb7e44,17,059bc6ca
195,195,AP,7054d257fbe5,38,00f00735
203,1262304000,NEWPHOTO,P1010057.JPG,2521827
253,1262304050,NEWAP,2076001dda2c,11,0016b350
313,1262304000,NEWPHOTO,P1010059.JPG,2688658
313,1262304000,NEWPHOTO,P1010058.JPG,2710464
316,1262304113,AP,207600fb7e44,7,059bce1e
316,1262304113,AP,7054d257fbe5,32,00f00e87
2,2,POWERON
7,7,NEWAP,207600fb7e44,30,059bd896
7,7,NEWAP,7054d257fbe5,45,00f01917
12,12,AP,207600fb7e44,28,059bd92c
14,14,AP,7054d257fbe5,43,00f01995
47,47,AP,7054d257fbe5,44,00f01b94
69,69,AP,207600fb7e44,26,059bdc98
71,71,AP,7054d257fbe5,43,00f01d03
129,129,AP,207600fb7e44,28,059be03d
129,129,AP,7054d257fbe5,43,00f0208e
189,189,NEWAP,20760007c120,9,00f684fc
189,189,AP,207600fb7e44,28,059be3e0
189,189,NEWAP,a839444a18fc,13,03cde20c
190,190,NEWAP,2076001dda2c,9,0016cccc
191,191,AP,7054d257fbe5,45,00f0244c
249,249,AP,207600fb7e44,27,059be783
249,249,AP,2076001dda2c,13,0016d062
249,249,AP,7054d257fbe5,45,00f027d5
253,253,AP,207600fb7e44,28,059be7bd
258,258,AP,2076001dda2c,10,0016d0a9
258,258,AP,7054d257fbe5,44,00f02829
262,262,AP,207600fb7e44,29,059be854
263,263,AP,2076001dda2c,12,0016d133
263,263,AP,7054d257fbe5,45,00f028a6
270,270,AP,207600fb7e44,29,059be8d2
277,277,AP,7054d257fbe5,44,00f0293c
309,309,AP,207600fb7e44,27,059beb27
309,309,AP,7054d257fbe5,45,00f02b79
369,369,AP,207600fb7e44,29,059beecc
371,371,AP,7054d257fbe5,42,00f02f36
429,429,AP,207600fb7e44,28,059bf26d
429,429,AP,2076001dda2c,11,0016db4b
429,429,AP,7054d257fbe5,42,00f032bf
489,489,AP,207600fb7e44,28,059bf611
491,491,AP,7054d257fbe5,43,00f0367b
549,549,AP,7054d257fbe5,44,00f03a04
611,611,AP,7054d257fbe5,44,00f03dc2
669,669,AP,207600fb7e44,29,059c00f7
669,669,AP,7054d257fbe5,45,00f04149
729,729,AP,207600fb7e44,29,059c049c
731,731,AP,7054d257fbe5,44,00f04506
789,789,AP,207600fb7e44,26,059c083d
789,789,AP,7054d257fbe5,45,00f0488f
849,849,AP,207600fb7e44,29,059c0bdf
850,850,NEWAP,2076001dda2c,11,0016f4cb
851,851,AP,7054d257fbe5,45,00f04c4d
909,909,AP,207600fb7e44,27,059c0f82
909,909,AP,7054d257fbe5,45,00f04fd4
969,969,AP,207600fb7e44,26,059c1324
971,971,AP,7054d257fbe5,45,00f05390
1029,1029,AP,207600fb7e44,27,059c16c7
1029,1029,AP,2076001dda2c,13,0016ffa5
1029,1029,AP,7054d257fbe5,44,00f05719
1089,1089,AP,207600fb7e44,28,059c1a6b
1090,1090,AP,2076001dda2c,9,00170356
1091,1091,AP,7054d257fbe5,43,00f05ad5
1149,1149,AP,7054d257fbe5,42,00f05e5e
1209,1209,AP,207600fb7e44,28,059c21b0
1211,1211,AP,7054d257fbe5,44,00f0621a
1269,1269,AP,7054d257fbe5,45,00f065a3
1329,1329,AP,207600fb7e44,29,059c28f5
1330,1330,NEWAP,2076001dda2c,10,001711e2
1331,1331,NEWAP,001ee503f379,9,000129f4
1331,1331,AP,7054d257fbe5,44,00f06961
1389,1389,AP,2076001dda2c,10,00171575
1389,1389,AP,7054d257fbe5,43,00f06ce8
1449,1449,AP,207600fb7e44,27,059c303a
1450,1450,AP,2076001dda2c,10,00171924
1451,1451,AP,7054d257fbe5,43,00f070a6
1509,1509,AP,7054d257fbe5,43,00f0742d
1569,1569,NEWAP,20760007c120,10,00f6d89a
1569,1569,AP,207600fb7e44,28,059c377f
1571,1571,AP,7054d257fbe5,44,00f077eb
7,7,POWERON
7,7,NEWAP,207600fb7e44,8,059c3c54
13,13,AP,207600fb7e44,9,059c3c81
13,13,NEWAP,7054d257fbe5,22,00f07cd3
23,1262304000,NEWPHOTO,P1010060.JPG,2763398
66,1262304000,NEWPHOTO,P1010061.JPG,266392
73,1262304050,AP,207600fb7e44,10,059c4057
74,1262304051,NEWAP,2076001dda2c,8,0017293f
75,1262304052,AP,7054d257fbe5,33,00f080c0
133,1262304110,AP,207600fb7e44,16,059c43fc
133,1262304110,AP,2076001dda2c,11,00172cda
134,1262304111,AP,7054d257fbe5,33,00f0844e
172,1262304000,NEWPHOTO,P1010062.JPG,269585
193,1262304170,AP,207600fb7e44,16,059c47a3
195,1262304172,AP,7054d257fbe5,42,00f0880e
253,1262304230,AP,2076001dda2c,10,00173429
254,1262304231,AP,7054d257fbe5,45,00f08b9d
313,1262304290,AP,207600fb7e44,14,059c4ef2
314,1262304291,AP,2076001dda2c,10,001737dc
315,1262304292,AP,7054d257fbe5,44,00f08f5c
373,1262304350,AP,2076001dda2c,9,00173b72
374,1262304351,AP,7054d257fbe5,43,00f092e6
433,1262304410,AP,207600fb7e44,14,059c5638
435,1262304412,AP,7054d257fbe5,44,00f096a3
484,1262304000,NEWPHOTO,P1010063.JPG,264172
494,1262304471,AP,7054d257fbe5,43,00f09a2c
553,1262304530,AP,207600fb7e44,14,059c5d82
555,1262304532,AP,7054d257fbe5,41,00f09dee
613,1262304590,AP,207600fb7e44,11,059c6127
614,1262304591,AP,7054d257fbe5,43,00f0a179
673,1262304650,AP,207600fb7e44,11,059c64cc
675,1262304652,AP,7054d257fbe5,36,00f0a536
684,1262304000,NEWPHOTO,P1010064.JPG,267728
733,1262304000,NEWPHOTO,P1010065.JPG,266882
764,1262304000,NEWPHOTO,P1010066.JPG,266434
